<?xml version="1.0" encoding="UTF-8"?>
<!-- Generated by org.testng.reporters.JUnitXMLReporter -->
<testsuite ignored="0" hostname="DESKTOP-FK3RV9V" failures="0" tests="2" name="Default test" time="38.348" errors="0" timestamp="2024-10-22T15:36:48 IST">
  <testcase classname="test_cases.Employee_grade_Creation_DApproach" name="gradeCreationTest" time="12.397"/>
  <testcase classname="test_cases.Employee_grade_Creation_DApproach" name="gradeCreationTest" time="10.233"/>
</testsuite> <!-- Default test -->
