<?xml version="1.0" encoding="UTF-8"?>
<!-- Generated by org.testng.reporters.JUnitXMLReporter -->
<testsuite ignored="0" hostname="DESKTOP-FK3RV9V" failures="0" tests="5" name="Default test" time="31.898" errors="0" timestamp="2024-09-13T16:26:26 IST">
  <testcase classname="flows_data_driven.Login" name="loginTest" time="0.521"/>
  <testcase classname="flows_data_driven.Login" name="loginTest" time="0.566"/>
  <testcase classname="flows_data_driven.Login" name="loginTest" time="0.688"/>
  <testcase classname="flows_data_driven.Login" name="loginTest" time="0.773"/>
  <testcase classname="flows_data_driven.Login" name="loginTest" time="0.684"/>
</testsuite> <!-- Default test -->
