<?xml version="1.0" encoding="UTF-8"?>
<!-- Generated by org.testng.reporters.JUnitXMLReporter -->
<testsuite ignored="0" hostname="DESKTOP-FK3RV9V" failures="0" tests="5" name="login" time="30.154" errors="0" timestamp="2024-09-13T16:16:47 IST">
  <testcase classname="flows_data_driven.Login" name="loginTest" time="0.548"/>
  <testcase classname="flows_data_driven.Login" name="loginTest" time="0.491"/>
  <testcase classname="flows_data_driven.Login" name="loginTest" time="0.536"/>
  <testcase classname="flows_data_driven.Login" name="loginTest" time="0.502"/>
  <testcase classname="flows_data_driven.Login" name="loginTest" time="0.45"/>
</testsuite> <!-- login -->
