<?xml version="1.0" encoding="UTF-8"?>
<!-- Generated by org.testng.reporters.JUnitXMLReporter -->
<testsuite ignored="0" hostname="DESKTOP-FK3RV9V" failures="0" tests="4" name="Test" time="64.385" errors="0" timestamp="2024-10-11T16:34:50 IST">
  <testcase classname="test_cases.Shift_type" name="loginTest" time="7.393"/>
  <testcase classname="test_cases.Vendor_type" name="vendor_creation" time="9.666"/>
  <testcase classname="test_cases.Vendor_type" name="vendor_creation" time="10.267"/>
  <testcase classname="test_cases.Branch_type" name="Branch_type_creation" time="8.555"/>
</testsuite> <!-- Test -->
