<?xml version="1.0" encoding="UTF-8"?>
<testng-results ignored="0" total="5" passed="5" failed="0" skipped="0">
  <reporter-output>
  </reporter-output>
  <suite started-at="2024-09-13T16:25:54 IST" name="Default suite" finished-at="2024-09-13T16:26:26 IST" duration-ms="31898">
    <groups>
    </groups>
    <test started-at="2024-09-13T16:25:54 IST" name="Default test" finished-at="2024-09-13T16:26:26 IST" duration-ms="31898">
      <class name="flows_data_driven.Login">
        <test-method is-config="true" signature="setup(java.lang.String)[pri:0, instance:flows_data_driven.Login@2c1b194a]" started-at="2024-09-13T16:25:55 IST" name="setup" finished-at="2024-09-13T16:25:58 IST" duration-ms="2471" status="PASS">
          <params>
            <param index="0">
              <value>
                <![CDATA[chrome]]>
              </value>
            </param>
          </params>
          <reporter-output>
          </reporter-output>
        </test-method> <!-- setup -->
        <test-method signature="loginTest(java.lang.String,java.lang.String)[pri:0, instance:flows_data_driven.Login@2c1b194a]" started-at="2024-09-13T16:25:58 IST" name="loginTest" data-provider="loginData" finished-at="2024-09-13T16:25:58 IST" duration-ms="521" status="PASS">
          <params>
            <param index="0">
              <value>
                <![CDATA[schooladmin@rnit.com]]>
              </value>
            </param>
            <param index="1">
              <value>
                <![CDATA[Rnit@12]]>
              </value>
            </param>
          </params>
          <reporter-output>
          </reporter-output>
        </test-method> <!-- loginTest -->
        <test-method is-config="true" signature="teardown()[pri:0, instance:flows_data_driven.Login@2c1b194a]" started-at="2024-09-13T16:25:58 IST" name="teardown" finished-at="2024-09-13T16:26:01 IST" duration-ms="3142" status="PASS">
          <reporter-output>
          </reporter-output>
        </test-method> <!-- teardown -->
        <test-method is-config="true" signature="setup(java.lang.String)[pri:0, instance:flows_data_driven.Login@2c1b194a]" started-at="2024-09-13T16:26:01 IST" name="setup" finished-at="2024-09-13T16:26:03 IST" duration-ms="2173" status="PASS">
          <params>
            <param index="0">
              <value>
                <![CDATA[chrome]]>
              </value>
            </param>
          </params>
          <reporter-output>
          </reporter-output>
        </test-method> <!-- setup -->
        <test-method signature="loginTest(java.lang.String,java.lang.String)[pri:0, instance:flows_data_driven.Login@2c1b194a]" started-at="2024-09-13T16:26:03 IST" name="loginTest" data-provider="loginData" finished-at="2024-09-13T16:26:04 IST" duration-ms="566" status="PASS">
          <params>
            <param index="0">
              <value>
                <![CDATA[Admin@r.com]]>
              </value>
            </param>
            <param index="1">
              <value>
                <![CDATA[Rnit@123]]>
              </value>
            </param>
          </params>
          <reporter-output>
          </reporter-output>
        </test-method> <!-- loginTest -->
        <test-method is-config="true" signature="teardown()[pri:0, instance:flows_data_driven.Login@2c1b194a]" started-at="2024-09-13T16:26:04 IST" name="teardown" finished-at="2024-09-13T16:26:07 IST" duration-ms="3145" status="PASS">
          <reporter-output>
          </reporter-output>
        </test-method> <!-- teardown -->
        <test-method is-config="true" signature="setup(java.lang.String)[pri:0, instance:flows_data_driven.Login@2c1b194a]" started-at="2024-09-13T16:26:07 IST" name="setup" finished-at="2024-09-13T16:26:09 IST" duration-ms="2245" status="PASS">
          <params>
            <param index="0">
              <value>
                <![CDATA[chrome]]>
              </value>
            </param>
          </params>
          <reporter-output>
          </reporter-output>
        </test-method> <!-- setup -->
        <test-method signature="loginTest(java.lang.String,java.lang.String)[pri:0, instance:flows_data_driven.Login@2c1b194a]" started-at="2024-09-13T16:26:09 IST" name="loginTest" data-provider="loginData" finished-at="2024-09-13T16:26:10 IST" duration-ms="688" status="PASS">
          <params>
            <param index="0">
              <value>
                <![CDATA[schooladmin@r.com]]>
              </value>
            </param>
            <param index="1">
              <value>
                <![CDATA[Rnit@123]]>
              </value>
            </param>
          </params>
          <reporter-output>
          </reporter-output>
        </test-method> <!-- loginTest -->
        <test-method is-config="true" signature="teardown()[pri:0, instance:flows_data_driven.Login@2c1b194a]" started-at="2024-09-13T16:26:10 IST" name="teardown" finished-at="2024-09-13T16:26:13 IST" duration-ms="3117" status="PASS">
          <reporter-output>
          </reporter-output>
        </test-method> <!-- teardown -->
        <test-method is-config="true" signature="setup(java.lang.String)[pri:0, instance:flows_data_driven.Login@2c1b194a]" started-at="2024-09-13T16:26:13 IST" name="setup" finished-at="2024-09-13T16:26:15 IST" duration-ms="2129" status="PASS">
          <params>
            <param index="0">
              <value>
                <![CDATA[chrome]]>
              </value>
            </param>
          </params>
          <reporter-output>
          </reporter-output>
        </test-method> <!-- setup -->
        <test-method signature="loginTest(java.lang.String,java.lang.String)[pri:0, instance:flows_data_driven.Login@2c1b194a]" started-at="2024-09-13T16:26:15 IST" name="loginTest" data-provider="loginData" finished-at="2024-09-13T16:26:16 IST" duration-ms="773" status="PASS">
          <params>
            <param index="0">
              <value>
                <![CDATA[schooladmin]]>
              </value>
            </param>
            <param index="1">
              <value>
                <![CDATA[Rnit@123]]>
              </value>
            </param>
          </params>
          <reporter-output>
          </reporter-output>
        </test-method> <!-- loginTest -->
        <test-method is-config="true" signature="teardown()[pri:0, instance:flows_data_driven.Login@2c1b194a]" started-at="2024-09-13T16:26:16 IST" name="teardown" finished-at="2024-09-13T16:26:19 IST" duration-ms="3111" status="PASS">
          <reporter-output>
          </reporter-output>
        </test-method> <!-- teardown -->
        <test-method is-config="true" signature="setup(java.lang.String)[pri:0, instance:flows_data_driven.Login@2c1b194a]" started-at="2024-09-13T16:26:19 IST" name="setup" finished-at="2024-09-13T16:26:22 IST" duration-ms="2559" status="PASS">
          <params>
            <param index="0">
              <value>
                <![CDATA[chrome]]>
              </value>
            </param>
          </params>
          <reporter-output>
          </reporter-output>
        </test-method> <!-- setup -->
        <test-method signature="loginTest(java.lang.String,java.lang.String)[pri:0, instance:flows_data_driven.Login@2c1b194a]" started-at="2024-09-13T16:26:22 IST" name="loginTest" data-provider="loginData" finished-at="2024-09-13T16:26:23 IST" duration-ms="684" status="PASS">
          <params>
            <param index="0">
              <value>
                <![CDATA[schooladmin@]]>
              </value>
            </param>
            <param index="1">
              <value>
                <![CDATA[Rnit]]>
              </value>
            </param>
          </params>
          <reporter-output>
          </reporter-output>
        </test-method> <!-- loginTest -->
        <test-method is-config="true" signature="teardown()[pri:0, instance:flows_data_driven.Login@2c1b194a]" started-at="2024-09-13T16:26:23 IST" name="teardown" finished-at="2024-09-13T16:26:26 IST" duration-ms="3135" status="PASS">
          <reporter-output>
          </reporter-output>
        </test-method> <!-- teardown -->
      </class> <!-- flows_data_driven.Login -->
    </test> <!-- Default test -->
  </suite> <!-- Default suite -->
</testng-results>
