<?xml version="1.0" encoding="UTF-8"?>
<testng-results ignored="0" total="4" passed="4" failed="0" skipped="0">
  <reporter-output>
  </reporter-output>
  <suite started-at="2024-10-11T16:33:45 IST" name="Suite" finished-at="2024-10-11T16:34:49 IST" duration-ms="64385">
    <groups>
    </groups>
    <test started-at="2024-10-11T16:33:45 IST" name="Test" finished-at="2024-10-11T16:34:49 IST" duration-ms="64385">
      <class name="test_cases.Branch_type">
        <test-method is-config="true" signature="setup(java.lang.String)[pri:0, instance:test_cases.Branch_type@7526515b]" started-at="2024-10-11T16:34:34 IST" name="setup" finished-at="2024-10-11T16:34:37 IST" duration-ms="3023" status="PASS">
          <params>
            <param index="0">
              <value>
                <![CDATA[chrome]]>
              </value>
            </param>
          </params>
          <reporter-output>
          </reporter-output>
        </test-method> <!-- setup -->
        <test-method signature="Branch_type_creation(java.lang.String,java.lang.String,java.lang.String,java.lang.String,java.lang.String)[pri:0, instance:test_cases.Branch_type@7526515b]" started-at="2024-10-11T16:34:37 IST" name="Branch_type_creation" data-provider="Branch_data" finished-at="2024-10-11T16:34:46 IST" duration-ms="8555" status="PASS">
          <params>
            <param index="0">
              <value>
                <![CDATA[Head two_2]]>
              </value>
            </param>
            <param index="1">
              <value>
                <![CDATA[1.1]]>
              </value>
            </param>
            <param index="2">
              <value>
                <![CDATA[1.1]]>
              </value>
            </param>
            <param index="3">
              <value>
                <![CDATA[300.0]]>
              </value>
            </param>
            <param index="4">
              <value>
                <![CDATA[Plot No 92, 93 & 94, Kavuri Hills Rd, Sri Rama Colony, Madhapur, Hyderabad, Telangana 500034]]>
              </value>
            </param>
          </params>
          <reporter-output>
          </reporter-output>
        </test-method> <!-- Branch_type_creation -->
        <test-method is-config="true" signature="teardown()[pri:0, instance:test_cases.Branch_type@7526515b]" started-at="2024-10-11T16:34:46 IST" name="teardown" finished-at="2024-10-11T16:34:49 IST" duration-ms="3271" status="PASS">
          <reporter-output>
          </reporter-output>
        </test-method> <!-- teardown -->
      </class> <!-- test_cases.Branch_type -->
      <class name="test_cases.Vendor_type">
        <test-method is-config="true" signature="setup(java.lang.String)[pri:0, instance:test_cases.Vendor_type@644baf4a]" started-at="2024-10-11T16:34:01 IST" name="setup" finished-at="2024-10-11T16:34:04 IST" duration-ms="2615" status="PASS">
          <params>
            <param index="0">
              <value>
                <![CDATA[chrome]]>
              </value>
            </param>
          </params>
          <reporter-output>
          </reporter-output>
        </test-method> <!-- setup -->
        <test-method signature="vendor_creation(java.lang.String,java.lang.String,java.lang.String,java.lang.String,java.lang.String,java.lang.String,java.lang.String)[pri:0, instance:test_cases.Vendor_type@644baf4a]" started-at="2024-10-11T16:34:04 IST" name="vendor_creation" data-provider="Vendor_creation" finished-at="2024-10-11T16:34:13 IST" duration-ms="9666" status="PASS">
          <params>
            <param index="0">
              <value>
                <![CDATA[Orange Corp_1]]>
              </value>
            </param>
            <param index="1">
              <value>
                <![CDATA[9916387574]]>
              </value>
            </param>
            <param index="2">
              <value>
                <![CDATA[ORG_02]]>
              </value>
            </param>
            <param index="3">
              <value>
                <![CDATA[Orange@gmail.com]]>
              </value>
            </param>
            <param index="4">
              <value>
                <![CDATA[Test]]>
              </value>
            </param>
            <param index="5">
              <value>
                <![CDATA[RNIT]]>
              </value>
            </param>
            <param index="6">
              <value>
                <![CDATA[Hyderabad]]>
              </value>
            </param>
          </params>
          <reporter-output>
          </reporter-output>
        </test-method> <!-- vendor_creation -->
        <test-method is-config="true" signature="teardown()[pri:0, instance:test_cases.Vendor_type@644baf4a]" started-at="2024-10-11T16:34:13 IST" name="teardown" finished-at="2024-10-11T16:34:16 IST" duration-ms="3221" status="PASS">
          <reporter-output>
          </reporter-output>
        </test-method> <!-- teardown -->
        <test-method is-config="true" signature="setup(java.lang.String)[pri:0, instance:test_cases.Vendor_type@644baf4a]" started-at="2024-10-11T16:34:16 IST" name="setup" finished-at="2024-10-11T16:34:21 IST" duration-ms="4100" status="PASS">
          <params>
            <param index="0">
              <value>
                <![CDATA[chrome]]>
              </value>
            </param>
          </params>
          <reporter-output>
          </reporter-output>
        </test-method> <!-- setup -->
        <test-method signature="vendor_creation(java.lang.String,java.lang.String,java.lang.String,java.lang.String,java.lang.String,java.lang.String,java.lang.String)[pri:0, instance:test_cases.Vendor_type@644baf4a]" started-at="2024-10-11T16:34:21 IST" name="vendor_creation" data-provider="Vendor_creation" finished-at="2024-10-11T16:34:31 IST" duration-ms="10267" status="PASS">
          <params>
            <param index="0">
              <value>
                <![CDATA[Orange Corp_2]]>
              </value>
            </param>
            <param index="1">
              <value>
                <![CDATA[9916387574]]>
              </value>
            </param>
            <param index="2">
              <value>
                <![CDATA[ORG_02]]>
              </value>
            </param>
            <param index="3">
              <value>
                <![CDATA[Orange@gmail.com]]>
              </value>
            </param>
            <param index="4">
              <value>
                <![CDATA[Test]]>
              </value>
            </param>
            <param index="5">
              <value>
                <![CDATA[RNIT]]>
              </value>
            </param>
            <param index="6">
              <value>
                <![CDATA[Hyderabad]]>
              </value>
            </param>
          </params>
          <reporter-output>
          </reporter-output>
        </test-method> <!-- vendor_creation -->
        <test-method is-config="true" signature="teardown()[pri:0, instance:test_cases.Vendor_type@644baf4a]" started-at="2024-10-11T16:34:31 IST" name="teardown" finished-at="2024-10-11T16:34:34 IST" duration-ms="3262" status="PASS">
          <reporter-output>
          </reporter-output>
        </test-method> <!-- teardown -->
      </class> <!-- test_cases.Vendor_type -->
      <class name="test_cases.Shift_type">
        <test-method is-config="true" signature="setup(java.lang.String)[pri:0, instance:test_cases.Shift_type@73e9cf30]" started-at="2024-10-11T16:33:47 IST" name="setup" finished-at="2024-10-11T16:33:50 IST" duration-ms="3430" status="PASS">
          <params>
            <param index="0">
              <value>
                <![CDATA[chrome]]>
              </value>
            </param>
          </params>
          <reporter-output>
          </reporter-output>
        </test-method> <!-- setup -->
        <test-method signature="loginTest(java.lang.String,java.lang.String,java.lang.String,java.lang.String,java.lang.String,java.lang.String,java.lang.String,java.lang.String)[pri:0, instance:test_cases.Shift_type@73e9cf30]" started-at="2024-10-11T16:33:50 IST" name="loginTest" data-provider="ShiftData" finished-at="2024-10-11T16:33:57 IST" duration-ms="7393" status="PASS">
          <params>
            <param index="0">
              <value>
                <![CDATA[Night_3]]>
              </value>
            </param>
            <param index="1">
              <value>
                <![CDATA[20:00]]>
              </value>
            </param>
            <param index="2">
              <value>
                <![CDATA[04:00]]>
              </value>
            </param>
            <param index="3">
              <value>
                <![CDATA[Gen]]>
              </value>
            </param>
            <param index="4">
              <value>
                <![CDATA[True]]>
              </value>
            </param>
            <param index="5">
              <value>
                <![CDATA[2024_holiday_list]]>
              </value>
            </param>
            <param index="6">
              <value>
                <![CDATA[60]]>
              </value>
            </param>
            <param index="7">
              <value>
                <![CDATA[60]]>
              </value>
            </param>
          </params>
          <reporter-output>
          </reporter-output>
        </test-method> <!-- loginTest -->
        <test-method is-config="true" signature="teardown()[pri:0, instance:test_cases.Shift_type@73e9cf30]" started-at="2024-10-11T16:33:57 IST" name="teardown" finished-at="2024-10-11T16:34:01 IST" duration-ms="3275" status="PASS">
          <reporter-output>
          </reporter-output>
        </test-method> <!-- teardown -->
      </class> <!-- test_cases.Shift_type -->
    </test> <!-- Test -->
  </suite> <!-- Suite -->
</testng-results>
